remain 573, scan https://www.huaweicloud.com

remain 1145, scan https://activity.huaweicloud.com/promotion/

remain 1556, scan https://www.huaweicloud.com/product/

remain 2157, scan https://www.huaweicloud.com/solution/

remain 2587, scan https://www.huaweicloud.com/ei/

remain 3030, scan https://www.huaweicloud.com/partners/

remain 3407, scan https://www.huaweicloud.com/en-us/

remain 3823, scan http://www.huaweicloud.com/product/ecs.html

remain 4231, scan http://www.huaweicloud.com/product/gpu.html

remain 4641, scan http://www.huaweicloud.com/product/fcs.html

remain 5033, scan http://www.huaweicloud.com/product/bms.html

remain 5432, scan http://www.huaweicloud.com/product/dec.html

remain 5819, scan http://www.huaweicloud.com/product/deh.html

remain 6185, scan http://www.huaweicloud.com/product/as.html

remain 6567, scan http://www.huaweicloud.com/product/ims.html

remain 6946, scan http://www.huaweicloud.com/product/csbs.html

remain 7321, scan http://www.huaweicloud.com/product/cce.html

remain 7716, scan http://www.huaweicloud.com/product/cci.html

remain 8092, scan http://www.huaweicloud.com/product/functionstage.html

remain 8468, scan http://www.huaweicloud.com/paas/

remain 8839, scan http://www.huaweicloud.com/product/servicestage.html

remain 9205, scan http://www.huaweicloud.com/product/aos.html

remain 9578, scan http://www.huaweicloud.com/product/functiongraph.html

remain 9946, scan http://www.huaweicloud.com/product/swr.html

remain 10319, scan http://www.huaweicloud.com/product/cse.html

remain 10693, scan http://www.huaweicloud.com/product/smn.html

remain 11062, scan http://www.huaweicloud.com/product/dms.html

remain 11442, scan http://www.huaweicloud.com/product/apm.html

remain 11813, scan http://www.huaweicloud.com/product/apig.html

remain 12184, scan http://www.huaweicloud.com/product/cpts.html

remain 12558, scan http://www.huaweicloud.com/product/bcs.html

remain 12911, scan http://www.huaweicloud.com/product/aom.html

remain 13271, scan http://www.huaweicloud.com/product/obs.html

remain 13667, scan http://www.huaweicloud.com/product/evs.html

remain 14043, scan http://www.huaweicloud.com/product/vbs.html

remain 14406, scan http://www.huaweicloud.com/product/dss.html

remain 14777, scan http://www.huaweicloud.com/product/cdn.html

remain 15131, scan http://www.huaweicloud.com/product/sfs.html

remain 15497, scan http://www.huaweicloud.com/product/des.html

remain 15848, scan http://www.huaweicloud.com/product/dess.html

remain 16195, scan http://www.huaweicloud.com/product/dbs.html

remain 16573, scan http://www.huaweicloud.com/product/hwsql.html

remain 16924, scan http://www.huaweicloud.com/product/mysql.html

remain 17285, scan http://www.huaweicloud.com/product/pg.html

remain 17649, scan http://www.huaweicloud.com/product/mssql.html

remain 18014, scan http://www.huaweicloud.com/product/dds.html

remain 18350, scan http://www.huaweicloud.com/product/dcs.html

remain 18732, scan http://www.huaweicloud.com/product/dcsmem.html

remain 19083, scan http://www.huaweicloud.com/product/ddm.html

remain 19446, scan http://www.huaweicloud.com/product/drs.html

remain 19782, scan http://www.huaweicloud.com/product/oms.html

remain 20117, scan http://www.huaweicloud.com/product/cdm.html

remain 20458, scan http://www.huaweicloud.com/product/vpc.html

remain 20798, scan http://www.huaweicloud.com/product/elb.html

remain 21154, scan http://www.huaweicloud.com/product/nat.html

remain 21476, scan http://www.huaweicloud.com/product/eip.html

remain 21808, scan http://www.huaweicloud.com/product/dc.html

remain 22137, scan http://www.huaweicloud.com/product/vpn.html

remain 22469, scan http://www.huaweicloud.com/product/dns.html

remain 22812, scan http://www.huaweicloud.com/ei/

remain 23197, scan http://www.huaweicloud.com/product/mls.html

remain 23544, scan http://www.huaweicloud.com/product/dls.html

remain 23861, scan http://www.huaweicloud.com/product/ges.html

remain 24181, scan http://www.huaweicloud.com/product/cs.html

remain 24500, scan http://www.huaweicloud.com/product/mrs.html

remain 24837, scan http://www.huaweicloud.com/product/uquery.html

remain 25157, scan http://www.huaweicloud.com/product/cloudtable.html

remain 25479, scan http://www.huaweicloud.com/product/dws.html

remain 25820, scan http://www.huaweicloud.com/product/es.html

remain 26139, scan http://www.huaweicloud.com/product/ocr.html

remain 26456, scan http://www.huaweicloud.com/product/image.html

remain 26765, scan http://www.huaweicloud.com/product/ils.html

remain 27072, scan http://www.huaweicloud.com/product/mt.html

remain 27363, scan http://www.huaweicloud.com/product/vod.html

remain 27652, scan http://www.huaweicloud.com/product/evcs.html

remain 27938, scan http://www.huaweicloud.com/product/antiddos.html

remain 28241, scan http://www.huaweicloud.com/product/cad.html

remain 28547, scan http://www.huaweicloud.com/product/waf.html

remain 28851, scan http://www.huaweicloud.com/product/webscan.html

remain 29155, scan http://www.huaweicloud.com/product/hss.html

remain 29454, scan http://www.huaweicloud.com/product/kms.html

remain 29748, scan http://www.huaweicloud.com/product/dbss.html

remain 30042, scan http://www.huaweicloud.com/product/sas.html

remain 30339, scan http://www.huaweicloud.com/product/ssa.html

remain 30630, scan http://www.huaweicloud.com/devcloud/

remain 30996, scan http://www.huaweicloud.com/product/projectman.html

remain 31277, scan http://www.huaweicloud.com/product/codehub.html

remain 31557, scan http://www.huaweicloud.com/product/pipeline.html

remain 31834, scan http://www.huaweicloud.com/product/codecheck.html

remain 32112, scan http://www.huaweicloud.com/product/codeci.html

remain 32390, scan http://www.huaweicloud.com/product/deployman.html

remain 32665, scan http://www.huaweicloud.com/product/testman.html

remain 32942, scan http://www.huaweicloud.com/product/releaseman.html

remain 33222, scan http://www.huaweicloud.com/product/mobiletest.html

remain 33496, scan http://www.huaweicloud.com/product/cloudide.html

remain 33771, scan http://www.huaweicloud.com/product/ces.html

remain 34067, scan http://www.huaweicloud.com/product/lts.html

remain 34350, scan http://www.huaweicloud.com/product/iam.html

remain 34620, scan http://www.huaweicloud.com/product/cts.html

remain 34908, scan http://www.huaweicloud.com/product/tms.html

remain 35183, scan http://www.huaweicloud.com/product/crs.html

remain 35457, scan http://www.huaweicloud.com/product/ccs.html

remain 35739, scan http://www.huaweicloud.com/product/rts.html

remain 36015, scan http://www.huaweicloud.com/product/workspace.html

remain 36285, scan http://www.huaweicloud.com/product/cloudim.html

remain 36544, scan http://www.huaweicloud.com/product/cloudvc.html

remain 36805, scan http://www.huaweicloud.com/product/cloudcc.html

remain 37064, scan http://www.huaweicloud.com/product/voice.html

remain 37325, scan http://www.huaweicloud.com/product/msgsms.html

remain 37584, scan http://www.huaweicloud.com/product/privatenumber.html

remain 37841, scan http://www.huaweicloud.com/product/iot.html

remain 38120, scan http://www.huaweicloud.com/solution/businesscloud/

remain 38412, scan http://www.huaweicloud.com/solution/businesscloud/house.html

remain 38679, scan http://www.huaweicloud.com/solution/businesscloud/crossborder.html

remain 38946, scan http://www.huaweicloud.com/solution/clothing/

remain 39209, scan http://www.huaweicloud.com/solution/businesscloud/pay.html

remain 39461, scan http://www.huaweicloud.com/solution/businesscloud/recommend.html

remain 39714, scan http://www.huaweicloud.com/solution/businesscloud/ar.html

remain 39967, scan http://www.huaweicloud.com/solution/businesssecurity/

remain 40234, scan http://www.huaweicloud.com/solution/businessclouddelivery/

remain 40487, scan http://www.huaweicloud.com/solution/ecomfunction/

remain 40738, scan http://www.huaweicloud.com/solution/ecommerce/apm.html

remain 40998, scan http://www.huaweicloud.com/solution/manufacturing/

remain 41288, scan http://www.huaweicloud.com/solution/cadaas/

remain 41536, scan http://www.huaweicloud.com/solution/caeaas/

remain 41783, scan http://www.huaweicloud.com/solution/mesaas/

remain 42027, scan http://www.huaweicloud.com/solution/pdm/

remain 42286, scan http://www.huaweicloud.com/solution/gamecloud/

remain 42588, scan http://www.huaweicloud.com/solution/gamehosting/

remain 42853, scan http://www.huaweicloud.com/solution/gamesecurity/

remain 43097, scan http://www.huaweicloud.com/solution/gamedev/

remain 43355, scan http://www.huaweicloud.com/solution/finance/

remain 43610, scan http://www.huaweicloud.com/solution/quotations/

remain 43843, scan http://www.huaweicloud.com/solution/insurance/

remain 44079, scan http://www.huaweicloud.com/solution/smallloan/

remain 44317, scan http://www.huaweicloud.com/solution/supplychanin/

remain 44554, scan http://www.huaweicloud.com/solution/dualrecord/

remain 44784, scan http://www.huaweicloud.com/solution/retail/

remain 45028, scan http://www.huaweicloud.com/solution/pmservice/

remain 45263, scan http://www.huaweicloud.com/solution/videosurveillance/

remain 45498, scan http://www.huaweicloud.com/solution/logistics/

remain 45749, scan http://www.huaweicloud.com/solution/government.html

remain 45972, scan http://www.huaweicloud.com/solution/science/

remain 46214, scan http://www.huaweicloud.com/solution/connectedcar/

remain 46472, scan http://www.huaweicloud.com/solution/Biomedicine/

remain 46713, scan http://www.huaweicloud.com/solution/nev/

remain 46929, scan http://www.huaweicloud.com/solution/imagestorage/

remain 47165, scan http://www.huaweicloud.com/solution/mediaintegration/

remain 47417, scan http://www.huaweicloud.com/solution/mmtc/

remain 47668, scan http://www.huaweicloud.com/solution/videoeducation/

remain 47888, scan http://www.huaweicloud.com/solution/telehealth/

remain 48127, scan http://www.huaweicloud.com/solution/ces/

remain 48371, scan http://www.huaweicloud.com/solution/imagediagnostic/

remain 48607, scan http://www.huaweicloud.com/solution/metering/

remain 48864, scan http://www.huaweicloud.com/solution/telecom/

remain 49080, scan http://www.huaweicloud.com/solution/electrictrade/

remain 49301, scan http://www.huaweicloud.com/solution/smartcharging/

remain 49528, scan http://www.huaweicloud.com/solution/FusionSolarCloud/

remain 49755, scan http://www.huaweicloud.com/solution/EnergySystemsIntegration//

remain 49986, scan http://www.huaweicloud.com/solution/webmobile/

remain 50216, scan http://www.huaweicloud.com/solution/highperformance/

remain 50473, scan http://www.huaweicloud.com/solution/sap/

remain 50696, scan http://www.huaweicloud.com/solution/iot/

remain 50936, scan http://www.huaweicloud.com/solution/Onlinevideo/

remain 51148, scan http://www.huaweicloud.com/solution/cloudoffice/

remain 51355, scan http://www.huaweicloud.com/solution/fcs/

remain 51567, scan http://www.huaweicloud.com/solution/cloud-migration/

remain 51773, scan http://www.huaweicloud.com/solution/odbm/

remain 52001, scan http://www.huaweicloud.com/solution/CloudBox/

remain 52207, scan http://www.huaweicloud.com/solution/Backup/

remain 52444, scan http://www.huaweicloud.com/solution/privatecloud/

remain 52645, scan http://www.huaweicloud.com/solution/xconnect/

remain 52855, scan http://www.huaweicloud.com/solution/microsoft/

remain 53064, scan http://www.huaweicloud.com/solution/cloudsecurity/

remain 53273, scan http://www.huaweicloud.com/solution/gradedprotection/

remain 53465, scan http://www.huaweicloud.com/solution/AttackPrevention/

remain 53667, scan http://www.huaweicloud.com/solution/softedu/

remain 53848, scan http://www.huaweicloud.com/product/hmi.html

remain 54033, scan http://www.huaweicloud.com/product/dis.html

remain 54225, scan http://www.huaweicloud.com/product/dps.html

remain 54421, scan http://www.huaweicloud.com/product/face.html

remain 54601, scan http://www.huaweicloud.com/product/moderation.html

remain 54793, scan http://www.huaweicloud.com/product/deblur.html

remain 54979, scan http://www.huaweicloud.com/product/mts.html

remain 55155, scan http://www.huaweicloud.com/product/tts.html

remain 55335, scan http://www.huaweicloud.com/product/asr.html

remain 55518, scan http://www.huaweicloud.com/product/nlp.html

remain 55689, scan http://www.huaweicloud.com/product/iqa.html

remain 55858, scan http://www.huaweicloud.com/product/iwater.html

remain 56041, scan http://www.huaweicloud.com/product/imanufacturing.html

remain 56232, scan http://www.huaweicloud.com/product/itransport.html

remain 56399, scan http://www.huaweicloud.com/product/ipower.html

remain 56584, scan http://www.huaweicloud.com/product/ifinance.html

remain 56761, scan http://www.huaweicloud.com/product/iretail.html

remain 56889, scan https://www.huaweicloud.com/about/notice_1.html

remain 57073, scan https://www.huaweicloud.com/about/protection.html

remain 57234, scan https://www.huaweicloud.com/about/VIP_client.html

remain 57399, scan https://www.huaweicloud.com/about/contact.html

remain 57551, scan https://www.huaweicloud.com/about/about_us.html

remain 57699, scan https://www.huaweicloud.com/about/news_1.html

remain 57871, scan https://www.huaweicloud.com/cases/cases_1.html

remain 58030, scan http://www.huaweicloud.com/en-us/

remain 58462, scan https://www.huaweicloud.com/s/

remain 58615, scan http://activity.huaweicloud.com/purchasing_season/index.html

remain 58829, scan http://activity.huaweicloud.com/challenge/index.html

remain 58985, scan http://activity.huaweicloud.com/ecs_new/index.html

remain 59158, scan http://www.huaweicloud.com/about/notice_1.html

remain 59326, scan http://activity.huaweicloud.com/free_test/index.html

remain 59523, scan https://activity.huaweicloud.com/newuser_trial/index.html

remain 59682, scan https://activity.huaweicloud.com/discount_area/index.html

remain 59842, scan http://activity.huaweicloud.com/promotion/index.html

remain 60013, scan https://www.huaweicloud.com/product/ecs.html

remain 60197, scan https://www.huaweicloud.com/product/fcs.html

remain 60364, scan https://www.huaweicloud.com/product/gpu.html

remain 60547, scan https://www.huaweicloud.com/product/csbs.html

remain 60705, scan https://www.huaweicloud.com/product/cce.html

remain 60884, scan https://www.huaweicloud.com/product/bms.html

remain 61060, scan https://www.huaweicloud.com/product/evs.html

remain 61228, scan https://www.huaweicloud.com/product/vbs.html

remain 61391, scan https://www.huaweicloud.com/product/obs.html

remain 61579, scan https://www.huaweicloud.com/product/cdn.html

remain 61735, scan https://www.huaweicloud.com/product/sfs.html

remain 61903, scan https://www.huaweicloud.com/product/des.html

remain 62057, scan https://www.huaweicloud.com/product/vpc.html

remain 62220, scan https://www.huaweicloud.com/product/elb.html

remain 62393, scan https://www.huaweicloud.com/product/dc.html

remain 62546, scan https://www.huaweicloud.com/product/vpn.html

remain 62703, scan https://www.huaweicloud.com/product/dns.html

remain 62869, scan https://www.huaweicloud.com/product/nat.html

remain 63015, scan https://www.huaweicloud.com/product/antiddos.html

remain 63175, scan https://www.huaweicloud.com/product/cad.html

remain 63338, scan https://www.huaweicloud.com/product/waf.html

remain 63500, scan https://www.huaweicloud.com/product/dbss.html

remain 63659, scan https://www.huaweicloud.com/product/kms.html

remain 63815, scan https://www.huaweicloud.com/product/sas.html

remain 63972, scan https://www.huaweicloud.com/product/rds.html

remain 64147, scan https://www.huaweicloud.com/product/dds.html

remain 64298, scan https://www.huaweicloud.com/product/dcs.html

remain 64472, scan https://www.huaweicloud.com/product/servicestage.html

remain 64623, scan https://www.huaweicloud.com/product/dms.html

remain 64788, scan https://www.huaweicloud.com/product/smn.html

remain 64948, scan https://www.huaweicloud.com/product/ddm.html

remain 65118, scan https://www.huaweicloud.com/product/swr.html

remain 65281, scan https://www.huaweicloud.com/product/cse.html

remain 65443, scan https://www.huaweicloud.com/product/mls.html

remain 65615, scan https://www.huaweicloud.com/product/mrs.html

remain 65793, scan https://www.huaweicloud.com/product/image.html

remain 65951, scan https://www.huaweicloud.com/product/ocr.html

remain 66115, scan https://www.huaweicloud.com/product/asr.html

remain 66267, scan https://www.huaweicloud.com/product/ils.html

remain 66426, scan https://www.huaweicloud.com/product/projectman.html

remain 66576, scan https://www.huaweicloud.com/product/codehub.html

remain 66726, scan https://www.huaweicloud.com/product/pipeline.html

remain 66874, scan https://www.huaweicloud.com/product/codecheck.html

remain 67024, scan https://www.huaweicloud.com/product/codeci.html

remain 67175, scan https://www.huaweicloud.com/product/deployman.html

remain 67324, scan https://www.huaweicloud.com/product/ces.html

remain 67490, scan https://www.huaweicloud.com/product/cts.html

remain 67651, scan https://www.huaweicloud.com/product/iam.html

remain 67802, scan https://www.huaweicloud.com/product/lts.html

remain 67961, scan https://www.huaweicloud.com/product/tms.html

remain 68046, scan https://www.huaweicloud.com/solution/businesscloud/

remain 68229, scan https://www.huaweicloud.com/solution/gamecloud/

remain 68402, scan https://www.huaweicloud.com/solution/webmobile/

remain 68559, scan https://www.huaweicloud.com/solution/highperformance/

remain 68713, scan https://www.huaweicloud.com/solution/sap/

remain 68824, scan https://activity.huaweicloud.com/purchasing_season/index.html

remain 69008, scan https://www.huaweicloud.com/about/map.html

remain 69180, scan https://www.huaweicloud.com/declaration/statement.html

remain 69339, scan https://www.huaweicloud.com/declaration/sa_prp.html

remain 69501, scan https://www.huaweicloud.com/app/hwapp.html

remain 69637, scan https://www.huaweicloud.com/securecenter/overallsafety.html

remain 69779, scan https://www.huaweicloud.com/securecenter/safetycompliance.html

remain 69911, scan https://www.huaweicloud.com/declaration/sa_nisr.html

remain 70061, scan https://www.huaweicloud.com/declaration/sa_cua.html

remain 69343, scan http://activity.huaweicloud.com/product_pass/index.html

remain 69542, scan http://activity.huaweicloud.com/Website_discount/index.html

remain 69712, scan http://activity.huaweicloud.com/devcloud_deploy/index.html

remain 69866, scan http://activity.huaweicloud.com/newuser_trial/index.html

remain 70017, scan http://activity.huaweicloud.com/developer_plan/index.html

remain 70163, scan https://activity.huaweicloud.com/challenge/index.html

remain 70312, scan http://activity.huaweicloud.com/businesscloud/index.html

remain 70458, scan https://activity.huaweicloud.com/gamecloud/index.html

remain 70599, scan http://activity.huaweicloud.com/product_vpn/index.html

remain 70737, scan http://activity.huaweicloud.com/fcservices/index.html

remain 70885, scan http://activity.huaweicloud.com/discount_area/index.html

remain 71037, scan https://activity.huaweicloud.com/ecs_new/index.html

remain 71196, scan http://activity.huaweicloud.com/product_obsPackage/index.html

remain 71360, scan https://activity.huaweicloud.com/devcloud_deploy/index.html

remain 71515, scan https://activity.huaweicloud.com/product_pass/index.html

remain 71643, scan http://www.huaweicloud.com/securecenter/overallsafety.html

remain 71781, scan http://www.huaweicloud.com/securecenter/safetycompliance.html

remain 70114, scan https://www.huaweicloud.com/partners/resale/

remain 70243, scan https://www.huaweicloud.com/partners/authorized/

remain 70389, scan https://www.huaweicloud.com/partners/hatch/

remain 70518, scan https://www.huaweicloud.com/partners/solution/

remain 70647, scan https://www.huaweicloud.com/partners/service/

2018-03-22T17:03:51.602Z - error: CRAWLER Error Error: ETIMEDOUT when fetching https://www.huaweicloud.com/partners/service/ (3 retries left)

2018-03-22T17:04:16.611Z - error: CRAWLER Error Error: ETIMEDOUT when fetching https://www.huaweicloud.com/partners/service/ (2 retries left)

remain 70708, scan https://www.huaweicloud.com/en-us

2018-03-22T17:04:41.799Z - error: CRAWLER Error Error: ETIMEDOUT when fetching https://www.huaweicloud.com/en-us (3 retries left)

remain 71134, scan https://www.huaweicloud.com/en-us/product/

remain 71540, scan https://www.huaweicloud.com/en-us/solution/

remain 71840, scan https://www.huaweicloud.com/en-us/partners/index.html

remain 72081, scan http://www.huaweicloud.com/en-us/partners/index.html

remain 72334, scan http://www.huaweicloud.com/en-us/product/ecs.html

remain 72618, scan http://www.huaweicloud.com/en-us/product/gpu.html

remain 72898, scan http://www.huaweicloud.com/en-us/product/fcs.html

remain 73172, scan http://www.huaweicloud.com/en-us/product/bms.html

remain 73443, scan http://www.huaweicloud.com/en-us/product/dec.html

remain 73706, scan http://www.huaweicloud.com/en-us/product/deh.html

remain 73950, scan http://www.huaweicloud.com/en-us/product/as.html

remain 74206, scan http://www.huaweicloud.com/en-us/product/ims.html

remain 74459, scan http://www.huaweicloud.com/en-us/product/csbs.html

remain 74708, scan http://www.huaweicloud.com/en-us/product/cce.html

remain 74965, scan http://www.huaweicloud.com/en-us/product/functionstage.html

remain 75207, scan http://www.huaweicloud.com/en-us/product/servicestage.html

remain 75451, scan http://www.huaweicloud.com/en-us/product/functiongraph.html

remain 75695, scan http://www.huaweicloud.com/en-us/product/swr.html

remain 75931, scan http://www.huaweicloud.com/en-us/product/cse.html

remain 76178, scan http://www.huaweicloud.com/en-us/product/smn.html

remain 76425, scan http://www.huaweicloud.com/en-us/product/dms.html

remain 76678, scan http://www.huaweicloud.com/en-us/product/apm.html

remain 76924, scan http://www.huaweicloud.com/en-us/product/apig.html

remain 77173, scan http://www.huaweicloud.com/en-us/product/obs.html

remain 77442, scan http://www.huaweicloud.com/en-us/product/evs.html

remain 77694, scan http://www.huaweicloud.com/en-us/product/vbs.html

remain 77938, scan http://www.huaweicloud.com/en-us/product/dss.html

remain 78191, scan http://www.huaweicloud.com/en-us/product/cdn.html

remain 78427, scan http://www.huaweicloud.com/en-us/product/sfs.html

remain 78676, scan http://www.huaweicloud.com/en-us/product/des.html

remain 78908, scan http://www.huaweicloud.com/en-us/product/dess.html

remain 79134, scan http://www.huaweicloud.com/en-us/product/mysql.html

remain 79377, scan http://www.huaweicloud.com/en-us/product/pg.html

remain 79627, scan http://www.huaweicloud.com/en-us/product/mssql.html

remain 79868, scan http://www.huaweicloud.com/en-us/product/dds.html

remain 80090, scan http://www.huaweicloud.com/en-us/product/dcs.html

remain 80346, scan http://www.huaweicloud.com/en-us/product/ddm.html

remain 80591, scan http://www.huaweicloud.com/en-us/product/oms.html

remain 80816, scan http://www.huaweicloud.com/en-us/product/cdm.html

remain 81042, scan http://www.huaweicloud.com/en-us/product/vpc.html

remain 81273, scan http://www.huaweicloud.com/en-us/product/elb.html

remain 81514, scan http://www.huaweicloud.com/en-us/product/nat.html

remain 81725, scan http://www.huaweicloud.com/en-us/product/eip.html

remain 81946, scan http://www.huaweicloud.com/en-us/product/dc.html

remain 82161, scan http://www.huaweicloud.com/en-us/product/vpn.html

remain 82376, scan http://www.huaweicloud.com/en-us/product/dns.html

remain 82604, scan http://www.huaweicloud.com/en-us/product/mls.html

remain 82841, scan http://www.huaweicloud.com/en-us/product/dls.html

remain 83046, scan http://www.huaweicloud.com/en-us/product/ges.html

remain 83256, scan http://www.huaweicloud.com/en-us/product/cs.html

remain 83463, scan http://www.huaweicloud.com/en-us/product/mrs.html

remain 83677, scan http://www.huaweicloud.com/en-us/product/uquery.html

remain 83886, scan http://www.huaweicloud.com/en-us/product/dws.html

remain 84117, scan http://www.huaweicloud.com/en-us/product/ocr.html

remain 84318, scan http://www.huaweicloud.com/en-us/product/image.html

remain 84513, scan http://www.huaweicloud.com/en-us/product/mt.html

remain 84700, scan http://www.huaweicloud.com/en-us/product/vod.html

remain 84885, scan http://www.huaweicloud.com/en-us/product/evcs.html

remain 85067, scan http://www.huaweicloud.com/en-us/product/antiddos.html

remain 85264, scan http://www.huaweicloud.com/en-us/product/ddos.html

remain 85465, scan http://www.huaweicloud.com/en-us/product/waf.html

remain 85663, scan http://www.huaweicloud.com/en-us/product/webscan.html

remain 85859, scan http://www.huaweicloud.com/en-us/product/hss.html

remain 86054, scan http://www.huaweicloud.com/en-us/product/kms.html

remain 86242, scan http://www.huaweicloud.com/en-us/product/dbss.html

remain 86429, scan http://www.huaweicloud.com/en-us/product/sas.html

remain 86619, scan http://www.huaweicloud.com/en-us/product/ssa.html

remain 86804, scan http://www.huaweicloud.com/en-us/product/projectman.html

remain 86978, scan http://www.huaweicloud.com/en-us/product/codehub.html

remain 87151, scan http://www.huaweicloud.com/en-us/product/pipeline.html

remain 87323, scan http://www.huaweicloud.com/en-us/product/codecheck.html

remain 87494, scan http://www.huaweicloud.com/en-us/product/codeci.html

remain 87664, scan http://www.huaweicloud.com/en-us/product/endeployman.html

remain 87833, scan http://www.huaweicloud.com/en-us/product/testman.html

remain 88001, scan http://www.huaweicloud.com/en-us/product/releaseman.html

remain 88168, scan http://www.huaweicloud.com/en-us/product/ces.html

remain 88362, scan http://www.huaweicloud.com/en-us/product/lts.html

remain 88543, scan http://www.huaweicloud.com/en-us/product/iam.html

remain 88712, scan http://www.huaweicloud.com/en-us/product/cts.html

remain 88899, scan http://www.huaweicloud.com/en-us/product/tms.html

remain 89072, scan http://www.huaweicloud.com/en-us/product/crs.html

remain 89241, scan http://www.huaweicloud.com/en-us/product/ccs.html

remain 89414, scan http://www.huaweicloud.com/en-us/product/rts.html

remain 89589, scan http://www.huaweicloud.com/en-us/product/workspace.html

remain 89757, scan http://www.huaweicloud.com/en-us/product/cloudvc.html

remain 89915, scan http://www.huaweicloud.com/en-us/product/cloudcc.html

remain 90072, scan http://www.huaweicloud.com/en-us/product/voice.html

remain 90231, scan http://www.huaweicloud.com/en-us/product/msgsms.html

remain 90389, scan http://www.huaweicloud.com/en-us/product/privatenumber.html

remain 90545, scan http://www.huaweicloud.com/en-us/product/iot.html

remain 90710, scan http://www.huaweicloud.com/en-us/solution/businesscloud/

remain 90897, scan http://www.huaweicloud.com/en-us/solution/ecommerce/appliances.html

remain 91057, scan http://www.huaweicloud.com/en-us/solution/ecommerce/crossborder.html

remain 91216, scan http://www.huaweicloud.com/en-us/solution/clothing/

remain 91387, scan http://www.huaweicloud.com/en-us/solution/businesscloud/pay.html

remain 91544, scan http://www.huaweicloud.com/en-us/solution/businesscloud/recommend.html

remain 91696, scan http://www.huaweicloud.com/en-us/solution/businesscloud/ar.html

remain 91854, scan http://www.huaweicloud.com/en-us/solution/ecomfunction/

remain 92015, scan http://www.huaweicloud.com/en-us/solution/manufacturing/

remain 92170, scan http://www.huaweicloud.com/en-us/solution/cadaas/

remain 92331, scan http://www.huaweicloud.com/en-us/solution/caeaas/

remain 92489, scan http://www.huaweicloud.com/en-us/solution/mesaas/

remain 92645, scan http://www.huaweicloud.com/en-us/solution/pdm/

remain 92814, scan http://www.huaweicloud.com/en-us/solution/gamecloud/

remain 93013, scan http://www.huaweicloud.com/en-us/solution/gamehosting/

remain 93183, scan http://www.huaweicloud.com/en-us/solution/finance/

remain 93327, scan http://www.huaweicloud.com/en-us/solution/quotations/

remain 93473, scan http://www.huaweicloud.com/en-us/solution/insurance/

remain 93620, scan http://www.huaweicloud.com/en-us/solution/supplychanin/

remain 93772, scan http://www.huaweicloud.com/en-us/solution/smallloan/

remain 93916, scan http://www.huaweicloud.com/en-us/solution/dualrecord/

remain 94055, scan http://www.huaweicloud.com/en-us/solution/retail/

remain 94209, scan http://www.huaweicloud.com/en-us/solution/pmservice/

remain 94355, scan http://www.huaweicloud.com/en-us/solution/videosurveillance/

remain 94499, scan http://www.huaweicloud.com/en-us/solution/logistics/

remain 94659, scan http://www.huaweicloud.com/en-us/solution/government/

remain 94797, scan http://www.huaweicloud.com/en-us/solution/science/

remain 94948, scan http://www.huaweicloud.com/en-us/solution/connectedcar/

remain 95115, scan http://www.huaweicloud.com/en-us/solution/Biomedicine/

remain 95265, scan http://www.huaweicloud.com/en-us/solution/nev/

remain 95399, scan http://www.huaweicloud.com/en-us/solution/imagestorage/

remain 95544, scan http://www.huaweicloud.com/en-us/solution/mediaintegration/

remain 95705, scan http://www.huaweicloud.com/en-us/solution/mmtc/

remain 95865, scan http://www.huaweicloud.com/en-us/solution/videoeducation/

remain 96002, scan http://www.huaweicloud.com/en-us/solution/telemedicine/

remain 96149, scan http://www.huaweicloud.com/en-us/solution/metering/

remain 96314, scan http://www.huaweicloud.com/en-us/solution/imagediagnosis/

remain 96459, scan http://www.huaweicloud.com/en-us/solution/webmobile/

remain 96605, scan http://www.huaweicloud.com/en-us/solution/highperformance/

remain 96777, scan http://www.huaweicloud.com/en-us/solution/sap/

remain 96906, scan http://www.huaweicloud.com/en-us/solution/iot/

remain 97054, scan http://www.huaweicloud.com/en-us/solution/onlinevideo/

remain 97185, scan http://www.huaweicloud.com/en-us/solution/cloudoffice/

remain 97307, scan http://www.huaweicloud.com/en-us/solution/cloud-migration/

remain 97429, scan http://www.huaweicloud.com/en-us/solution/Backup/

remain 97576, scan http://www.huaweicloud.com/en-us/solution/cloudBox/

remain 97693, scan http://www.huaweicloud.com/en-us/solution/fcs/

remain 97820, scan http://www.huaweicloud.com/en-us/solution/xconnect/

remain 97953, scan http://www.huaweicloud.com/en-us/solution/cloudsecurity/

remain 98066, scan http://www.huaweicloud.com/en-us/solution/gradedprotection/

remain 98171, scan http://www.huaweicloud.com/en-us/solution/gamesecurity/

remain 98284, scan http://www.huaweicloud.com/en-us/solution/businesssecurity/

remain 98400, scan http://www.huaweicloud.com/en-us/solution/AttackPrevention/

remain 98506, scan http://www.huaweicloud.com/en-us/solution/softedu/

remain 98630, scan http://www.huaweicloud.com/en-us/solution/gamedev/

remain 98743, scan http://www.huaweicloud.com/en-us/solution/businessclouddelivery/

remain 98848, scan http://www.huaweicloud.com/en-us/product/hmi.html

remain 98945, scan http://www.huaweicloud.com/en-us/product/dis.html

remain 99049, scan http://www.huaweicloud.com/en-us/product/dps.html

remain 99155, scan http://www.huaweicloud.com/en-us/product/deblur.html

remain 99252, scan https://www.huaweicloud.com/en-us/about/notice_1.html

remain 99347, scan https://www.huaweicloud.com/en-us/about/protection.html

remain 99426, scan https://www.huaweicloud.com/en-us/about/contact.html

remain 99496, scan https://www.huaweicloud.com/en-us/about/about_us.html

remain 99567, scan https://www.huaweicloud.com/en-us/about/news_1.html

remain 99661, scan https://www.huaweicloud.com/en-us/cases/cases_1.html

remain 99749, scan http://activity.huaweicloud.com/bms_discount/index.html

remain 99868, scan https://www.huaweicloud.com/en-us/product/cdn.html

remain 99946, scan http://www.huaweicloud.com/en-us/product/rds.html

remain 100036, scan https://www.huaweicloud.com/en-us/product/image.html

remain 100108, scan https://www.huaweicloud.com/en-us/product/ddos.html

remain 100206, scan https://www.huaweicloud.com/en-us/product/dns.html

remain 100241, scan http://www.huaweicloud.com/en-us/product/

remain 100270, scan http://www.huaweicloud.com/en-us/about/news_1.html

remain 100322, scan https://www.huaweicloud.com/en-us/declaration/statement.html

remain 100415, scan https://www.huaweicloud.com/en-us/declaration/sa_prp.html

remain 100508, scan https://www.huaweicloud.com/en-us/securecenter/overallsafety.html

remain 100586, scan https://www.huaweicloud.com/en-us/securecenter/safetycompliance.html

remain 100656, scan https://www.huaweicloud.com/en-us/declaration/sa_nisr.html

remain 100742, scan https://www.huaweicloud.com/en-us/declaration/sa_cua.html

remain 100523, scan https://www.huaweicloud.com/product/ecs-mb/f1.html

remain 100654, scan https://www.huaweicloud.com/product/ecs-mb/f2.html

remain 100785, scan https://www.huaweicloud.com/product/ecs-mb/f3.html

remain 100916, scan https://www.huaweicloud.com/product/ecs-mb/f4.html

remain 101047, scan https://www.huaweicloud.com/product/ecs-mb/f5.html

remain 101178, scan https://www.huaweicloud.com/product/ecs-mb/f6.html

remain 101309, scan https://www.huaweicloud.com/product/ecs-mb/f7.html

remain 101440, scan https://www.huaweicloud.com/product/ecs-mb/f8.html

remain 101571, scan https://www.huaweicloud.com/product/ecs-mb/f9.html

remain 101702, scan https://www.huaweicloud.com/product/as.html

remain 100653, scan https://activity.huaweicloud.com/bms_discount/index.html

remain 100765, scan https://www.huaweicloud.com/product/dec.html

remain 100542, scan https://www.huaweicloud.com/product/dss.html

remain 100683, scan https://www.huaweicloud.com/product/dess.html

remain 99314, scan https://www.huaweicloud.com/notice/1516091767392.html

remain 98677, scan https://www.huaweicloud.com/product/devcloud.html

remain 98507, scan https://www.huaweicloud.com/product/dis.html

remain 98651, scan https://www.huaweicloud.com/product/cloudtable.html

remain 98800, scan https://www.huaweicloud.com/product/apig.html

remain 98947, scan https://www.huaweicloud.com/product/moderation.html

remain 97985, scan https://www.huaweicloud.com/product/apm.html

remain 97767, scan https://www.huaweicloud.com/product/functionstage.html

remain 97903, scan https://www.huaweicloud.com/product/crs.html

remain 96182, scan https://www.huaweicloud.com/product/cpts.html

remain 95957, scan https://www.huaweicloud.com/product/functionGraph.html

error:  https://www.huaweicloud.com/product/functionGraph.html

remain 95955, scan https://www.huaweicloud.com/en-us/product/apig.html

remain 95686, scan https://www.huaweicloud.com/solution/ecommerce/apm.html

remain 95103, scan https://www.huaweicloud.com/product/cci.html

remain 95247, scan https://www.huaweicloud.com/product/aos.html

remain 95028, scan https://activity.huaweicloud.com/product_obsPackage/index.html

remain 95176, scan https://www.huaweicloud.com/product/uquery.html

remain 95310, scan https://www.huaweicloud.com/declaration/sla_obs.html

remain 95095, scan https://www.huaweicloud.com/product/evs-uio2.html

remain 95217, scan https://www.huaweicloud.com/cases/1510998940064.html

remain 95345, scan https://www.huaweicloud.com/case/1436013058_73.html

remain 95479, scan https://www.huaweicloud.com/case/1437657761_125.html

remain 95252, scan https://www.huaweicloud.com/product/ims.html

remain 94308, scan https://www.huaweicloud.com/product/workspace.html

remain 93403, scan http://activity.huaweicloud.com/developer_plan/

remain 93546, scan https://www.huaweicloud.com/product/hwsql.html

remain 93686, scan https://www.huaweicloud.com/product/mysql.html

remain 93837, scan https://www.huaweicloud.com/product/pg.html

remain 93986, scan https://www.huaweicloud.com/product/mssql.html

remain 94130, scan https://www.huaweicloud.com/product/drs.html

remain 94265, scan https://www.huaweicloud.com/product/dws.html

remain 93726, scan https://activity.huaweicloud.com/developer_plan/

remain 93511, scan https://activity.huaweicloud.com/developer_plan/index.html

remain 90481, scan https://www.huaweicloud.com/case/1444907376_145.html

remain 90615, scan https://www.huaweicloud.com/case/1436010501_65.html

remain 86694, scan https://www.huaweicloud.com/case/1518414587490.html

remain 86822, scan https://www.huaweicloud.com/case/1416381096_33.html

remain 86633, scan https://www.huaweicloud.com/product/cdm.html

remain 86132, scan https://www.huaweicloud.com/product/dps.html

remain 85617, scan https://www.huaweicloud.com/case/1512616367015.html

remain 85745, scan https://www.huaweicloud.com/case/1512386290330.html

remain 84090, scan https://www.huaweicloud.com/product/webscan.html

remain 84233, scan https://www.huaweicloud.com/product/hss.html

remain 84372, scan https://www.huaweicloud.com/product/ssa.html

remain 84511, scan https://activity.huaweicloud.com/product_sas/index.html

2018-03-22T17:05:53.452Z - error: CRAWLER Error Error: ETIMEDOUT when fetching https://activity.huaweicloud.com/product_sas/index.html (3 retries left)

2018-03-22T17:06:18.459Z - error: CRAWLER Error Error: ETIMEDOUT when fetching https://activity.huaweicloud.com/product_sas/index.html (2 retries left)

module.js:544
    throw err;
    ^

Error: Cannot find module './result/1521738169701-fail.json'
    at Function.Module._resolveFilename (module.js:542:15)
    at Function.Module._load (module.js:472:25)
    at Module.require (module.js:585:17)
    at require (internal/module.js:11:18)
    at ChildProcess.crawler.on (/Users/caoyonghao/code/github/siteAnalysisTool/console.js:26:120)
    at emitTwo (events.js:135:13)
    at ChildProcess.emit (events.js:224:7)
    at maybeClose (internal/child_process.js:943:16)
    at Socket.stream.socket.on (internal/child_process.js:363:11)
    at emitOne (events.js:125:13)
